V "4.6.0.0 Jan 17 2018"
R
C 3
= 0x7f985b433708
R
P 0x7f985b433708
S "model"
S "true"
C 5
R
P 0x7f985b433708
C 7
= 0x7f985b904c08
R
P 0x7f985b433708
C 4
R
P 0x7f985b904c08
U 2
C 327
R
P 0x7f985b904c08
C 337
R
P 0x7f985b904c08
S "linux.smt2"
U 0
s 0
p 0
U 0
s 0
p 0
C 334
= 0x7f985c24da08
R
P 0x7f985b904c08
C 337
R
P 0x7f985b904c08
P 0x7f985c24da08
C 255
R
P 0x7f985b904c08
C 337
R
P 0x7f985b904c08
P 0x7f985c24da08
C 252
= 0x7f985b90e418
R
P 0x7f985b904c08
C 337
R
P 0x7f985b904c08
P 0x7f985b90e418
C 207
R
P 0x7f985b904c08
C 337
R
P 0x7f985b904c08
P 0x7f985c24da08
C 258
R
P 0x7f985b904c08
C 337
R
P 0x7f985b904c08
P 0x7f985c24da08
C 257
R
P 0x7f985b904c08
C 337
R
P 0x7f985b904c08
P 0x7f985c24da08
C 256
R
P 0x7f985b904c08
C 337
R
P 0x7f985b904c08
P 0x7f985c24da08
C 9
R
P 0x7f985b904c08
C 337
R
P 0x7f985b904c08
C 406
= 0x7f985b78ae08
R
P 0x7f985b904c08
C 337
R
P 0x7f985b904c08
P 0x7f985b78ae08
C 414
R
P 0x7f985b904c08
C 337
R
P 0x7f985b904c08
P 0x7f985b78ae08
U 1
P 0x7f985c24da08
p 1
C 426
R
P 0x7f985b904c08
C 337
R
P 0x7f985b904c08
P 0x7f985b78ae08
C 432
R
P 0x7f985b904c08
C 337
