V "4.6.1.7919 Feb 27 2018"
R
C 3
= 0x7fcc167a6cc8
R
P 0x7fcc167a6cc8
C 7
= 0x7fcc18083808
R
P 0x7fcc18083808
C 338
R
P 0x7fcc18083808
U 2
C 328
R
P 0x7fcc18083808
C 338
R
P 0x7fcc167a6cc8
C 4
R
P 0x7fcc18083808
C 407
= 0x7fcc167b4c98
R
P 0x7fcc18083808
C 338
R
P 0x7fcc18083808
P 0x7fcc167b4c98
C 415
R
P 0x7fcc18083808
C 338
R
P 0x7fcc18083808
P 0x7fcc167b4c98
S "linux.smt2"
C 424
R
P 0x7fcc18083808
C 338
R
P 0x7fcc18083808
U 4
C 340
R
P 0x7fcc18083808
C 337
R
P 0x7fcc18083808
C 338
R
P 0x7fcc18083808
P 0x7fcc167b4c98
C 416
R
P 0x7fcc18083808
C 338
R
P 0x7fcc18083808
C 8
