V "4.6.1.0 Feb 20 2018"
R
C 3
= 0x7faa0c207f08
R
P 0x7faa0c207f08
S "model"
S "true"
C 5
R
P 0x7faa0c207f08
C 7
= 0x7faa0c203e88
R
P 0x7faa0c207f08
C 4
R
P 0x7faa0c203e88
U 2
C 328
R
P 0x7faa0c203e88
C 338
R
P 0x7faa0c203e88
S "linux.smt2"
U 0
s 0
p 0
U 0
s 0
p 0
C 335
= 0x7faa0c287698
R
P 0x7faa0c203e88
C 338
R
P 0x7faa0c203e88
P 0x7faa0c287698
C 255
R
P 0x7faa0c203e88
C 338
R
P 0x7faa0c203e88
P 0x7faa0c287698
C 252
= 0x7faa0c21faa8
R
P 0x7faa0c203e88
C 338
R
P 0x7faa0c203e88
P 0x7faa0c21faa8
C 207
R
P 0x7faa0c203e88
C 338
R
P 0x7faa0c203e88
P 0x7faa0c287698
C 258
R
P 0x7faa0c203e88
C 338
R
P 0x7faa0c203e88
P 0x7faa0c287698
C 257
R
P 0x7faa0c203e88
C 338
R
P 0x7faa0c203e88
P 0x7faa0c287698
C 256
R
P 0x7faa0c203e88
C 338
R
P 0x7faa0c203e88
P 0x7faa0c287698
C 9
R
P 0x7faa0c203e88
C 338
R
P 0x7faa0c203e88
C 407
= 0x7faa0c26ecd8
R
P 0x7faa0c203e88
C 338
R
P 0x7faa0c203e88
P 0x7faa0c26ecd8
C 415
R
P 0x7faa0c203e88
C 338
R
P 0x7faa0c203e88
P 0x7faa0c26ecd8
U 1
P 0x7faa0c287698
p 1
C 427
R
P 0x7faa0c203e88
C 338
R
P 0x7faa0c203e88
P 0x7faa0c26ecd8
C 433
R
P 0x7faa0c203e88
C 338
