V "4.6.1.7919 Feb 27 2018"
R
C 3
= 0x7f8b2bf38b18
R
P 0x7f8b2bf38b18
C 7
= 0x7f8b2c06ae08
R
P 0x7f8b2c06ae08
C 338
R
P 0x7f8b2c06ae08
U 2
C 328
R
P 0x7f8b2c06ae08
C 338
R
P 0x7f8b2bf38b18
C 4
R
P 0x7f8b2c06ae08
C 407
= 0x7f8b2bf29b58
R
P 0x7f8b2c06ae08
C 338
R
P 0x7f8b2c06ae08
P 0x7f8b2bf29b58
C 415
R
P 0x7f8b2c06ae08
C 338
R
P 0x7f8b2c06ae08
P 0x7f8b2bf29b58
S "macos.smt2"
C 424
R
P 0x7f8b2c06ae08
C 338
R
P 0x7f8b2c06ae08
U 4
C 340
R
P 0x7f8b2c06ae08
C 337
R
P 0x7f8b2c06ae08
C 338
R
P 0x7f8b2c06ae08
P 0x7f8b2bf29b58
C 416
R
P 0x7f8b2c06ae08
C 338
R
P 0x7f8b2c06ae08
C 8
