V "4.6.0.0 Jan 17 2018"
R
C 3
= 0x7fed5df41ce8
R
P 0x7fed5df41ce8
S "model"
S "true"
C 5
R
P 0x7fed5df41ce8
C 7
= 0x7fed5f8cd808
R
P 0x7fed5df41ce8
C 4
R
P 0x7fed5f8cd808
U 2
C 327
R
P 0x7fed5f8cd808
C 337
R
P 0x7fed5f8cd808
S "macos.smt2"
U 0
s 0
p 0
U 0
s 0
p 0
C 334
= 0x7fed5f107360
R
P 0x7fed5f8cd808
C 337
R
P 0x7fed5f8cd808
P 0x7fed5f107360
C 255
R
P 0x7fed5f8cd808
C 337
R
P 0x7fed5f8cd808
P 0x7fed5f107360
C 252
= 0x7fed5f972a18
R
P 0x7fed5f8cd808
C 337
R
P 0x7fed5f8cd808
P 0x7fed5f972a18
C 207
R
P 0x7fed5f8cd808
C 337
R
P 0x7fed5f8cd808
P 0x7fed5f107360
C 258
R
P 0x7fed5f8cd808
C 337
R
P 0x7fed5f8cd808
P 0x7fed5f107360
C 257
R
P 0x7fed5f8cd808
C 337
R
P 0x7fed5f8cd808
P 0x7fed5f107360
C 256
R
P 0x7fed5f8cd808
C 337
R
P 0x7fed5f8cd808
P 0x7fed5f107360
C 9
R
P 0x7fed5f8cd808
C 337
R
P 0x7fed5f8cd808
C 406
= 0x7fed5dc70888
R
P 0x7fed5f8cd808
C 337
R
P 0x7fed5f8cd808
P 0x7fed5dc70888
C 414
R
P 0x7fed5f8cd808
C 337
R
P 0x7fed5f8cd808
P 0x7fed5dc70888
U 1
P 0x7fed5f107360
p 1
C 426
R
P 0x7fed5f8cd808
C 337
R
P 0x7fed5f8cd808
P 0x7fed5dc70888
C 432
R
P 0x7fed5f8cd808
C 337
