V "4.6.0.0 Jan 17 2018"
R
C 3
= 0x7f9ab7fa7888
R
P 0x7f9ab7fa7888
S "model"
S "true"
C 5
R
P 0x7f9ab7fa7888
C 7
= 0x7f9ab9957c08
R
P 0x7f9ab7fa7888
C 4
R
P 0x7f9ab9957c08
U 2
C 327
R
P 0x7f9ab9957c08
C 337
R
P 0x7f9ab9957c08
S "macos.smt2"
U 0
s 0
p 0
U 0
s 0
p 0
C 334
= 0x7f9ab9b01b60
R
P 0x7f9ab9957c08
C 337
R
P 0x7f9ab9957c08
P 0x7f9ab9b01b60
C 255
R
P 0x7f9ab9957c08
C 337
R
P 0x7f9ab9957c08
P 0x7f9ab9b01b60
C 252
= 0x7f9ab9aab818
R
P 0x7f9ab9957c08
C 337
R
P 0x7f9ab9957c08
P 0x7f9ab9aab818
C 207
R
P 0x7f9ab9957c08
C 337
R
P 0x7f9ab9957c08
P 0x7f9ab9b01b60
C 258
R
P 0x7f9ab9957c08
C 337
R
P 0x7f9ab9957c08
P 0x7f9ab9b01b60
C 257
R
P 0x7f9ab9957c08
C 337
R
P 0x7f9ab9957c08
P 0x7f9ab9b01b60
C 256
R
P 0x7f9ab9957c08
C 337
R
P 0x7f9ab9957c08
P 0x7f9ab9b01b60
C 9
R
P 0x7f9ab9957c08
C 337
R
P 0x7f9ab9957c08
C 406
= 0x7f9ab7fb8f98
R
P 0x7f9ab9957c08
C 337
R
P 0x7f9ab9957c08
P 0x7f9ab7fb8f98
C 414
R
P 0x7f9ab9957c08
C 337
R
P 0x7f9ab9957c08
P 0x7f9ab7fb8f98
U 1
P 0x7f9ab9b01b60
p 1
C 426
R
P 0x7f9ab9957c08
C 337
R
P 0x7f9ab9957c08
P 0x7f9ab7fb8f98
C 432
R
P 0x7f9ab9957c08
C 337
