V "4.6.1.7919 Feb 27 2018"
R
C 3
= 0x7fa46b640a48
R
P 0x7fa46b640a48
S "model"
S "true"
C 5
R
P 0x7fa46b640a48
C 7
= 0x7fa46c850c08
R
P 0x7fa46b640a48
C 4
R
P 0x7fa46c850c08
U 2
C 328
R
P 0x7fa46c850c08
C 338
R
P 0x7fa46c850c08
S "small.smt2"
U 0
s 0
p 0
U 0
s 0
p 0
C 335
= 0x7fa46c8dbde8
R
P 0x7fa46c850c08
C 338
R
P 0x7fa46c850c08
P 0x7fa46c8dbde8
C 255
R
P 0x7fa46c850c08
C 338
R
P 0x7fa46c850c08
P 0x7fa46c8dbde8
C 252
= 0x7fa46c8d9618
R
P 0x7fa46c850c08
C 338
R
P 0x7fa46c850c08
P 0x7fa46c8d9618
C 207
R
P 0x7fa46c850c08
C 338
R
P 0x7fa46c850c08
P 0x7fa46c8dbde8
C 258
R
P 0x7fa46c850c08
C 338
R
P 0x7fa46c850c08
P 0x7fa46c8dbde8
C 257
R
P 0x7fa46c850c08
C 338
R
P 0x7fa46c850c08
P 0x7fa46c8dbde8
C 256
R
P 0x7fa46c850c08
C 338
R
P 0x7fa46c850c08
P 0x7fa46c8dbde8
C 9
R
P 0x7fa46c850c08
C 338
R
P 0x7fa46c850c08
C 407
= 0x7fa46b435908
R
P 0x7fa46c850c08
C 338
R
P 0x7fa46c850c08
P 0x7fa46b435908
C 415
R
P 0x7fa46c850c08
C 338
R
P 0x7fa46c850c08
P 0x7fa46b435908
U 1
P 0x7fa46c8dbde8
p 1
C 427
R
P 0x7fa46c850c08
C 338
R
P 0x7fa46c850c08
P 0x7fa46b435908
C 433
R
P 0x7fa46c850c08
C 338
