V "4.6.0.0 Dec 18 2017"
R
C 3
= 0x7fcfa4171a68
R
P 0x7fcfa4171a68
S "model"
S "true"
C 5
R
P 0x7fcfa4171a68
C 7
= 0x7fcfa41f6078
R
P 0x7fcfa4171a68
C 4
R
P 0x7fcfa41f6078
U 2
C 327
R
P 0x7fcfa41f6078
C 337
R
P 0x7fcfa41f6078
S "linux.txt"
U 0
s 0
p 0
U 0
s 0
p 0
C 334
= 0x7fcfa4268238
R
P 0x7fcfa41f6078
C 337
R
P 0x7fcfa41f6078
P 0x7fcfa4268238
C 255
R
P 0x7fcfa41f6078
C 337
R
P 0x7fcfa41f6078
P 0x7fcfa4268238
C 252
= 0x7fcfa4200578
R
P 0x7fcfa41f6078
C 337
R
P 0x7fcfa41f6078
P 0x7fcfa4200578
C 207
R
P 0x7fcfa41f6078
C 337
R
P 0x7fcfa41f6078
P 0x7fcfa4268238
C 258
R
P 0x7fcfa41f6078
C 337
R
P 0x7fcfa41f6078
P 0x7fcfa4268238
C 257
R
P 0x7fcfa41f6078
C 337
R
P 0x7fcfa41f6078
P 0x7fcfa4268238
C 256
R
P 0x7fcfa41f6078
C 337
R
P 0x7fcfa41f6078
P 0x7fcfa4268238
C 9
R
P 0x7fcfa41f6078
C 337
R
P 0x7fcfa41f6078
C 406
= 0x7fcfa41d7318
R
P 0x7fcfa41f6078
C 337
R
P 0x7fcfa41f6078
P 0x7fcfa41d7318
C 414
R
P 0x7fcfa41f6078
C 337
R
P 0x7fcfa41f6078
C 13
= 0x7fcfa41d7368
R
P 0x7fcfa41f6078
C 337
R
P 0x7fcfa41f6078
P 0x7fcfa41d7368
C 14
R
P 0x7fcfa41f6078
C 337
R
P 0x7fcfa41f6078
S "candidate_models"
C 30
R
P 0x7fcfa41f6078
C 337
R
P 0x7fcfa41f6078
$ |candidate_models|
C 200
R
P 0x7fcfa41f6078
C 337
R
P 0x7fcfa41f6078
P 0x7fcfa41d7368
$ |candidate_models|
I 1
C 16
R
P 0x7fcfa41f6078
C 337
R
P 0x7fcfa41f6078
S "fail_if_inconclusive"
C 30
R
P 0x7fcfa41f6078
C 337
R
P 0x7fcfa41f6078
$ |fail_if_inconclusive|
C 200
R
P 0x7fcfa41f6078
C 337
R
P 0x7fcfa41f6078
P 0x7fcfa41d7368
$ |fail_if_inconclusive|
I 0
C 16
R
P 0x7fcfa41f6078
C 337
R
P 0x7fcfa41f6078
S "smt.random_seed"
C 30
R
P 0x7fcfa41f6078
C 337
R
P 0x7fcfa41f6078
$ |smt.random_seed|
C 200
R
P 0x7fcfa41f6078
C 337
R
P 0x7fcfa41f6078
P 0x7fcfa41d7368
$ |smt.random_seed|
U 0
C 17
R
P 0x7fcfa41f6078
C 337
R
P 0x7fcfa41f6078
P 0x7fcfa41d7318
P 0x7fcfa41d7368
C 413
R
P 0x7fcfa41f6078
C 337
R
P 0x7fcfa41f6078
P 0x7fcfa41d7318
U 1
P 0x7fcfa4268238
p 1
C 426
R
P 0x7fcfa41f6078
C 337
R
P 0x7fcfa41f6078
P 0x7fcfa41d7318
C 432
R
P 0x7fcfa41f6078
C 337
