V "4.6.0.0 Dec 18 2017"
R
C 3
= 0x7fcfa4472e98
R
P 0x7fcfa4472e98
S "model"
S "true"
C 5
R
P 0x7fcfa4472e98
C 7
= 0x7fcfa4473278
R
P 0x7fcfa4472e98
C 4
R
P 0x7fcfa4473278
U 2
C 327
R
P 0x7fcfa4473278
C 337
R
P 0x7fcfa4473278
S "macos.txt"
U 0
s 0
p 0
U 0
s 0
p 0
C 334
= 0x7fcfa44c72d0
R
P 0x7fcfa4473278
C 337
R
P 0x7fcfa4473278
P 0x7fcfa44c72d0
C 255
R
P 0x7fcfa4473278
C 337
R
P 0x7fcfa4473278
P 0x7fcfa44c72d0
C 252
= 0x7fcfa447d3b8
R
P 0x7fcfa4473278
C 337
R
P 0x7fcfa4473278
P 0x7fcfa447d3b8
C 207
R
P 0x7fcfa4473278
C 337
R
P 0x7fcfa4473278
P 0x7fcfa44c72d0
C 258
R
P 0x7fcfa4473278
C 337
R
P 0x7fcfa4473278
P 0x7fcfa44c72d0
C 257
R
P 0x7fcfa4473278
C 337
R
P 0x7fcfa4473278
P 0x7fcfa44c72d0
C 256
R
P 0x7fcfa4473278
C 337
R
P 0x7fcfa4473278
P 0x7fcfa44c72d0
C 9
R
P 0x7fcfa4473278
C 337
R
P 0x7fcfa4473278
C 406
= 0x7fcfa44bbf68
R
P 0x7fcfa4473278
C 337
R
P 0x7fcfa4473278
P 0x7fcfa44bbf68
C 414
R
P 0x7fcfa4473278
C 337
R
P 0x7fcfa4473278
C 13
= 0x7fcfa44a5308
R
P 0x7fcfa4473278
C 337
R
P 0x7fcfa4473278
P 0x7fcfa44a5308
C 14
R
P 0x7fcfa4473278
C 337
R
P 0x7fcfa4473278
S "candidate_models"
C 30
R
P 0x7fcfa4473278
C 337
R
P 0x7fcfa4473278
$ |candidate_models|
C 200
R
P 0x7fcfa4473278
C 337
R
P 0x7fcfa4473278
P 0x7fcfa44a5308
$ |candidate_models|
I 1
C 16
R
P 0x7fcfa4473278
C 337
R
P 0x7fcfa4473278
S "fail_if_inconclusive"
C 30
R
P 0x7fcfa4473278
C 337
R
P 0x7fcfa4473278
$ |fail_if_inconclusive|
C 200
R
P 0x7fcfa4473278
C 337
R
P 0x7fcfa4473278
P 0x7fcfa44a5308
$ |fail_if_inconclusive|
I 0
C 16
R
P 0x7fcfa4473278
C 337
R
P 0x7fcfa4473278
S "smt.random_seed"
C 30
R
P 0x7fcfa4473278
C 337
R
P 0x7fcfa4473278
$ |smt.random_seed|
C 200
R
P 0x7fcfa4473278
C 337
R
P 0x7fcfa4473278
P 0x7fcfa44a5308
$ |smt.random_seed|
U 0
C 17
R
P 0x7fcfa4473278
C 337
R
P 0x7fcfa4473278
P 0x7fcfa44bbf68
P 0x7fcfa44a5308
C 413
R
P 0x7fcfa4473278
C 337
R
P 0x7fcfa4473278
P 0x7fcfa44bbf68
U 1
P 0x7fcfa44c72d0
p 1
C 426
R
P 0x7fcfa4473278
C 337
R
P 0x7fcfa4473278
P 0x7fcfa44bbf68
C 432
R
P 0x7fcfa4473278
C 337
