V "4.6.0.0 Jan 17 2018"
R
C 3
= 0x7fee68c309a8
R
P 0x7fee68c309a8
S "model"
S "true"
C 5
R
P 0x7fee68c309a8
C 7
= 0x7fee6a09f608
R
P 0x7fee68c309a8
C 4
R
P 0x7fee6a09f608
U 2
C 327
R
P 0x7fee6a09f608
C 337
R
P 0x7fee6a09f608
S "linux.txt"
U 0
s 0
p 0
U 0
s 0
p 0
C 334
= 0x7fee6919c808
R
P 0x7fee6a09f608
C 337
R
P 0x7fee6a09f608
P 0x7fee6919c808
C 255
R
P 0x7fee6a09f608
C 337
R
P 0x7fee6a09f608
P 0x7fee6919c808
C 252
= 0x7fee6a127818
R
P 0x7fee6a09f608
C 337
R
P 0x7fee6a09f608
P 0x7fee6a127818
C 207
R
P 0x7fee6a09f608
C 337
R
P 0x7fee6a09f608
P 0x7fee6919c808
C 258
R
P 0x7fee6a09f608
C 337
R
P 0x7fee6a09f608
P 0x7fee6919c808
C 257
R
P 0x7fee6a09f608
C 337
R
P 0x7fee6a09f608
P 0x7fee6919c808
C 256
R
P 0x7fee6a09f608
C 337
R
P 0x7fee6a09f608
P 0x7fee6919c808
C 9
R
P 0x7fee6a09f608
C 337
R
P 0x7fee6a09f608
C 406
= 0x7fee68c3c5c8
R
P 0x7fee6a09f608
C 337
R
P 0x7fee6a09f608
P 0x7fee68c3c5c8
C 414
R
P 0x7fee6a09f608
C 337
R
P 0x7fee6a09f608
C 13
= 0x7fee68c3c598
R
P 0x7fee6a09f608
C 337
R
P 0x7fee6a09f608
P 0x7fee68c3c598
C 14
R
P 0x7fee6a09f608
C 337
R
P 0x7fee6a09f608
S "candidate_models"
C 30
R
P 0x7fee6a09f608
C 337
R
P 0x7fee6a09f608
$ |candidate_models|
C 200
R
P 0x7fee6a09f608
C 337
R
P 0x7fee6a09f608
P 0x7fee68c3c598
$ |candidate_models|
I 1
C 16
R
P 0x7fee6a09f608
C 337
R
P 0x7fee6a09f608
S "fail_if_inconclusive"
C 30
R
P 0x7fee6a09f608
C 337
R
P 0x7fee6a09f608
$ |fail_if_inconclusive|
C 200
R
P 0x7fee6a09f608
C 337
R
P 0x7fee6a09f608
P 0x7fee68c3c598
$ |fail_if_inconclusive|
I 0
C 16
R
P 0x7fee6a09f608
C 337
R
P 0x7fee6a09f608
S "smt.random_seed"
C 30
R
P 0x7fee6a09f608
C 337
R
P 0x7fee6a09f608
$ |smt.random_seed|
C 200
R
P 0x7fee6a09f608
C 337
R
P 0x7fee6a09f608
P 0x7fee68c3c598
$ |smt.random_seed|
U 0
C 17
R
P 0x7fee6a09f608
C 337
R
P 0x7fee6a09f608
P 0x7fee68c3c5c8
P 0x7fee68c3c598
C 413
R
P 0x7fee6a09f608
C 337
R
P 0x7fee6a09f608
P 0x7fee68c3c5c8
U 1
P 0x7fee6919c808
p 1
C 426
R
P 0x7fee6a09f608
C 337
R
P 0x7fee6a09f608
P 0x7fee68c3c5c8
C 432
R
P 0x7fee6a09f608
C 337
